Start testing: Aug 17 21:39 CEST
----------------------------------------------------------
1/1 Testing: MusiCueTests
1/1 Test: MusiCueTests
Command: "/Users/barni/Documents/a/musicue/build/MusiCueTests_artefacts/MusiCueTests"
Directory: /Users/barni/Documents/a/musicue/build
"MusiCueTests" start time: Aug 17 21:39 CEST
Output:
----------------------------------------------------------
Random seed: 0x4c7aa6
-----------------------------------------------------------------
Starting tests in: Fade cue model / Uses latest action endpoint as cue duration...
Completed tests in Fade cue model / Uses latest action endpoint as cue duration
-----------------------------------------------------------------
Starting tests in: Fade cue workspace / Round trips actions and stop policy...
Completed tests in Fade cue workspace / Round trips actions and stop policy
<end of output>
Test time =   0.69 sec
----------------------------------------------------------
Test Passed.
"MusiCueTests" end time: Aug 17 21:39 CEST
"MusiCueTests" time elapsed: 00:00:00
----------------------------------------------------------

End testing: Aug 17 21:39 CEST
